<?xml version="1.0" encoding="UTF-8"?>
<!-- Generated by org.testng.reporters.JUnitReportReporter -->
<testsuite hostname="DESKTOP-Q7KOQDL" failures="0" tests="1" name="com.power.api.test.EmpCloud_Api_Test" time="3.569" errors="0" timestamp="2022-08-01T13:27:45 IST" skipped="0">
  <testcase classname="com.power.api.test.EmpCloud_Api_Test" name="getEmpcloud" time="3.569"/>
  <system-out>
    <![CDATA[<B><font color = 'orange'> Register Organization API Responce  -</font>is :403]]>
  </system-out>
</testsuite> <!-- com.power.api.test.EmpCloud_Api_Test -->
