<?xml version="1.0" encoding="UTF-8"?>
<!-- Generated by org.testng.reporters.JUnitReportReporter -->
<testsuite hostname="DESKTOP-PJJHB19" failures="0" tests="1" name="com.power.api.test.EmpCloud_RegisterOrganization_Post_Api_Test" time="8.889" errors="0" timestamp="2022-10-10T10:34:58 IST" skipped="0">
  <testcase classname="com.power.api.test.EmpCloud_RegisterOrganization_Post_Api_Test" name="PostEmpcloudRegisterOrganization" time="8.889"/>
  <system-out>
    <![CDATA[<B><font color = 'orange'> Register Organization API Responce  -</font>is :200]]>
  </system-out>
</testsuite> <!-- com.power.api.test.EmpCloud_RegisterOrganization_Post_Api_Test -->
