<?xml version="1.0" encoding="UTF-8"?>
<!-- Generated by org.testng.reporters.JUnitReportReporter -->
<testsuite hostname="DESKTOP-PJJHB19" failures="0" tests="1" name="com.power.api.test.Poweradspy_Quora_Api_Test" time="33.205" errors="0" timestamp="2022-11-17T09:55:27 IST" skipped="0">
  <testcase classname="com.power.api.test.Poweradspy_Quora_Api_Test" name="getQuoraResponce" time="33.205"/>
  <system-out>
    <![CDATA[<B><font color = 'orange'> Quora API Responce  -</font>is :200]]>
  </system-out>
</testsuite> <!-- com.power.api.test.Poweradspy_Quora_Api_Test -->
