<?xml version="1.0" encoding="UTF-8"?>
<!-- Generated by org.testng.reporters.JUnitReportReporter -->
<testsuite hostname="DESKTOP-Q7KOQDL" failures="0" tests="1" name="Poweradspy_Facebook_Api_Test" time="42.477" errors="0" timestamp="2022-06-19T15:44:26 IST" skipped="0">
  <testcase classname="Poweradspy_Facebook_Api_Test" name="getfacebookResponce" time="42.477"/>
  <system-out/>
</testsuite> <!-- Poweradspy_Facebook_Api_Test -->
